<?xml version="1.0" encoding="UTF-8"?>
<!-- Generated by org.testng.reporters.JUnitReportReporter -->
<testsuite hostname="vaish" failures="0" tests="1" name="com.vaishnavi.DemoQA.sampletest.SwitchParentToChild" time="15.497" errors="0" timestamp="02 May 2024 20:07:24 GMT" skipped="0">
  <testcase classname="com.vaishnavi.DemoQA.sampletest.SwitchParentToChild" name="tabs" time="15.497"/>
</testsuite> <!-- com.vaishnavi.DemoQA.sampletest.SwitchParentToChild -->
