<?xml version="1.0" encoding="UTF-8"?>
<!-- Generated by org.testng.reporters.JUnitReportReporter -->
<testsuite hostname="vaish" failures="0" tests="1" name="com.vaishnavi.DemoQA.sampletest.SwitchParentToChild" time="8.939" errors="0" timestamp="04 May 2024 01:43:47 GMT" skipped="0">
  <testcase classname="com.vaishnavi.DemoQA.sampletest.SwitchParentToChild" name="tabs" time="8.939"/>
</testsuite> <!-- com.vaishnavi.DemoQA.sampletest.SwitchParentToChild -->
